#
# There is insufficient memory for the Java Runtime Environment to continue.
# Native memory allocation (mmap) failed to map 268435456 bytes for Failed to commit area from 0x0000000700800000 to 0x0000000710800000 of length 268435456.
# Possible reasons:
#   The system is out of physical RAM or swap space
#   The process is running with CompressedOops enabled, and the Java Heap may be blocking the growth of the native heap
# Possible solutions:
#   Reduce memory load on the system
#   Increase physical memory or swap space
#   Check if swap backing store is full
#   Decrease Java heap size (-Xmx/-Xms)
#   Decrease number of Java threads
#   Decrease Java thread stack sizes (-Xss)
#   Set larger code cache with -XX:ReservedCodeCacheSize=
# This output file may be truncated or incomplete.
#
#  Out of Memory Error (./open/src/hotspot/os/windows/os_windows.cpp:3287), pid=20780, tid=21448
#
# JRE version:  (11.0.15+8) (build )
# Java VM: Java HotSpot(TM) 64-Bit Server VM (11.0.15+8-LTS-149, mixed mode, sharing, tiered, compressed oops, g1 gc, windows-amd64)
# No core dump will be written. Minidumps are not enabled by default on client versions of Windows
#

---------------  S U M M A R Y ------------

Command Line: -Xverify:none -XX:TieredStopAtLevel=1 -Dfile.encoding=windows-1252 -Duser.country=AR -Duser.language=es -Duser.variant com.challenge.disney.DisneyApplication

Host: Intel(R) Core(TM) i7-7700 CPU @ 3.60GHz, 8 cores, 15G,  Windows 10 , 64 bit Build 19041 (10.0.19041.1806)
Time: Thu Aug  4 00:07:48 2022 Hora estándar de Argentina elapsed time: 0.029358 seconds (0d 0h 0m 0s)

---------------  T H R E A D  ---------------

Current thread (0x000001c21dab7000):  JavaThread "Unknown thread" [_thread_in_vm, id=21448, stack(0x00000072cfa00000,0x00000072cfb00000)]

Stack: [0x00000072cfa00000,0x00000072cfb00000]
Native frames: (J=compiled Java code, j=interpreted, Vv=VM code, C=native code)
V  [jvm.dll+0x629d8a]
V  [jvm.dll+0x7638ff]
V  [jvm.dll+0x764fa9]
V  [jvm.dll+0x765633]
V  [jvm.dll+0x23d9c8]
V  [jvm.dll+0x6270aa]
V  [jvm.dll+0x61be35]
V  [jvm.dll+0x2f27dc]
V  [jvm.dll+0x2f2662]
V  [jvm.dll+0x2f7386]
V  [jvm.dll+0x339d8f]
V  [jvm.dll+0x3397c0]
V  [jvm.dll+0x2cfdf8]
V  [jvm.dll+0x2d0f66]
V  [jvm.dll+0x73df07]
V  [jvm.dll+0x73f79f]
V  [jvm.dll+0x346ab9]
V  [jvm.dll+0x723810]
V  [jvm.dll+0x3b56cf]
V  [jvm.dll+0x3b77e1]
C  [jli.dll+0x5207]
C  [ucrtbase.dll+0x21bb2]
C  [KERNEL32.DLL+0x17034]
C  [ntdll.dll+0x52651]


---------------  P R O C E S S  ---------------

Threads class SMR info:
_java_thread_list=0x000001c21b9bce40, length=0, elements={
}

Java Threads: ( => current thread )

Other Threads:
  0x000001c21daca000 GCTaskThread "GC Thread#0" [stack: 0x00000072cfb00000,0x00000072cfc00000] [id=24228]
  0x000001c21db26000 ConcurrentGCThread "G1 Main Marker" [stack: 0x00000072cfc00000,0x00000072cfd00000] [id=2612]
  0x000001c21db28000 ConcurrentGCThread "G1 Conc#0" [stack: 0x00000072cfd00000,0x00000072cfe00000] [id=11936]

[error occurred during error reporting (printing all threads), id 0xc0000005, EXCEPTION_ACCESS_VIOLATION (0xc0000005) at pc=0x00007fffc364f087]

VM state:not at safepoint (not fully initialized)

VM Mutex/Monitor currently owned by a thread:  ([mutex/lock_event])
[0x000001c21dab34c0] Heap_lock - owner thread: 0x000001c21dab7000

Heap address: 0x0000000700800000, size: 4088 MB, Compressed Oops mode: Non-zero based: 0x0000000700800000
Narrow klass base: 0x0000000000000000, Narrow klass shift: 0

GC Heap History (0 events):
No events

Deoptimization events (0 events):
No events

Classes redefined (0 events):
No events

Internal exceptions (0 events):
No events

Events (0 events):
No events


Dynamic libraries:
0x00007ff778880000 - 0x00007ff77888f000 	C:\Program Files\Java\jdk-11.0.15\bin\java.exe
0x00007fffeae70000 - 0x00007fffeb068000 	C:\WINDOWS\SYSTEM32\ntdll.dll
0x00007fffeaab0000 - 0x00007fffeab6d000 	C:\WINDOWS\System32\KERNEL32.DLL
0x00007fffe8670000 - 0x00007fffe893e000 	C:\WINDOWS\System32\KERNELBASE.dll
0x00007fffe8940000 - 0x00007fffe8a40000 	C:\WINDOWS\System32\ucrtbase.dll
0x00007fffc5d90000 - 0x00007fffc5da5000 	C:\Program Files\Java\jdk-11.0.15\bin\VCRUNTIME140.dll
0x00007fffc5d70000 - 0x00007fffc5d88000 	C:\Program Files\Java\jdk-11.0.15\bin\jli.dll
0x00007fffe9b80000 - 0x00007fffe9c2e000 	C:\WINDOWS\System32\ADVAPI32.dll
0x00007fffe9ae0000 - 0x00007fffe9b7e000 	C:\WINDOWS\System32\msvcrt.dll
0x00007fffe9790000 - 0x00007fffe982c000 	C:\WINDOWS\System32\sechost.dll
0x00007fffea3a0000 - 0x00007fffea4c5000 	C:\WINDOWS\System32\RPCRT4.dll
0x00007fffe8f90000 - 0x00007fffe9130000 	C:\WINDOWS\System32\USER32.dll
0x00007fffe8c70000 - 0x00007fffe8c92000 	C:\WINDOWS\System32\win32u.dll
0x00007fffd0f20000 - 0x00007fffd11ba000 	C:\WINDOWS\WinSxS\amd64_microsoft.windows.common-controls_6595b64144ccf1df_6.0.19041.1110_none_60b5254171f9507e\COMCTL32.dll
0x00007fffe8f60000 - 0x00007fffe8f8a000 	C:\WINDOWS\System32\GDI32.dll
0x00007fffe8d10000 - 0x00007fffe8e1b000 	C:\WINDOWS\System32\gdi32full.dll
0x00007fffe8ba0000 - 0x00007fffe8c3d000 	C:\WINDOWS\System32\msvcp_win.dll
0x00007fffe3740000 - 0x00007fffe374a000 	C:\WINDOWS\SYSTEM32\VERSION.dll
0x00007fffe9690000 - 0x00007fffe96c0000 	C:\WINDOWS\System32\IMM32.DLL
0x00007fffc5a10000 - 0x00007fffc5aab000 	C:\Program Files\Java\jdk-11.0.15\bin\msvcp140.dll
0x00007fffc3370000 - 0x00007fffc3e86000 	C:\Program Files\Java\jdk-11.0.15\bin\server\jvm.dll
0x00007fffe9ad0000 - 0x00007fffe9ad8000 	C:\WINDOWS\System32\PSAPI.DLL
0x00007fffdbb30000 - 0x00007fffdbb57000 	C:\WINDOWS\SYSTEM32\WINMM.dll
0x00007fffd9df0000 - 0x00007fffd9df9000 	C:\WINDOWS\SYSTEM32\WSOCK32.dll
0x00007fffe9a60000 - 0x00007fffe9acb000 	C:\WINDOWS\System32\WS2_32.dll
0x00007fffe64b0000 - 0x00007fffe64c2000 	C:\WINDOWS\SYSTEM32\kernel.appcore.dll
0x00007fffc5a00000 - 0x00007fffc5a10000 	C:\Program Files\Java\jdk-11.0.15\bin\verify.dll
0x00007fffd89b0000 - 0x00007fffd8b94000 	C:\WINDOWS\SYSTEM32\DBGHELP.DLL
0x00007fffd0e40000 - 0x00007fffd0e6c000 	C:\WINDOWS\SYSTEM32\dbgcore.DLL
0x00007fffe85e0000 - 0x00007fffe8662000 	C:\WINDOWS\System32\bcryptPrimitives.dll
0x00007fffc59d0000 - 0x00007fffc59f8000 	C:\Program Files\Java\jdk-11.0.15\bin\java.dll
0x00007fffc59c0000 - 0x00007fffc59ca000 	C:\Program Files\Java\jdk-11.0.15\bin\jimage.dll
0x00007fffc59a0000 - 0x00007fffc59b6000 	C:\Program Files\Java\jdk-11.0.15\bin\zip.dll

dbghelp: loaded successfully - version: 4.0.5 - missing functions: none
symbol engine: initialized successfully - sym options: 0x614 - pdb path: .;C:\Program Files\Java\jdk-11.0.15\bin;C:\WINDOWS\SYSTEM32;C:\WINDOWS\WinSxS\amd64_microsoft.windows.common-controls_6595b64144ccf1df_6.0.19041.1110_none_60b5254171f9507e;C:\Program Files\Java\jdk-11.0.15\bin\server

VM Arguments:
jvm_args: -Xverify:none -XX:TieredStopAtLevel=1 -Dfile.encoding=windows-1252 -Duser.country=AR -Duser.language=es -Duser.variant 
java_command: com.challenge.disney.DisneyApplication
java_class_path (initial): C:\Users\esteb\Google Drive\Proyectos\Challenge Backend - Java Spring Boot (API). rev2\disney\src\main\resources;C:\Users\esteb\Google Drive\Proyectos\Challenge Backend - Java Spring Boot (API). rev2\disney\build\classes\java\main;C:\Users\esteb\.gradle\caches\modules-2\files-2.1\com.h2database\h2\2.1.214\d5c2005c9e3279201e12d4776c948578b16bf8b2\h2-2.1.214.jar;C:\Users\esteb\.gradle\caches\modules-2\files-2.1\jakarta.transaction\jakarta.transaction-api\1.3.3\c4179d48720a1e87202115fbed6089bdc4195405\jakarta.transaction-api-1.3.3.jar;C:\Users\esteb\.gradle\caches\modules-2\files-2.1\jakarta.persistence\jakarta.persistence-api\2.2.3\8f6ea5daedc614f07a3654a455660145286f024e\jakarta.persistence-api-2.2.3.jar;C:\Users\esteb\.gradle\caches\modules-2\files-2.1\org.hibernate\hibernate-core\5.6.9.Final\8ec2c7b13de2fbcb19feddfb3a30932bb6a8228a\hibernate-core-5.6.9.Final.jar;C:\Users\esteb\.gradle\caches\modules-2\files-2.1\org.springframework.data\spring-data-jpa\2.7.1\9cbefcab47d47a64afeca24b5fbe7328dd08ef9b\spring-data-jpa-2.7.1.jar;C:\Users\esteb\.gradle\caches\modules-2\files-2.1\org.springframework\spring-aspects\5.3.21\9e8271b86c5be0388c2c34f2c5c3d070af06cd2\spring-aspects-5.3.21.jar;C:\Users\esteb\.gradle\caches\modules-2\files-2.1\org.springframework.data\spring-data-rest-webmvc\3.7.1\3f9184dbbd27cfe9b9cc4ccf5c8b73fa27d6d0a9\spring-data-rest-webmvc-3.7.1.jar;C:\Users\esteb\.gradle\caches\modules-2\files-2.1\org.springframework\spring-webmvc\5.3.21\a62db425cc29c48e138846e706ca37acb138ca13\spring-webmvc-5.3.21.jar;C:\Users\esteb\.gradle\caches\modules-2\files-2.1\org.springframework.data\spring-data-rest-core\3.7.1\a39549d5f5dc8074c33a002034b32b3616dd120\spring-data-rest-core-3.7.1.jar;C:\Users\esteb\.gradle\caches\modules-2\files-2.1\org.springframework.hateoas\spring-hateoas\1.5.1\1ce0a7ecd00ee4df134e998dc298c708aa0375a4\spring-hateoas-1.5.1.jar;C:\Users\esteb\.gradle\caches\modules-2\files-2.1\org.springframework\spring-web\5.3.21\317aadd3
Launcher Type: SUN_STANDARD

[Global flags]
     bool BytecodeVerificationLocal                = false                                     {product} {command line}
     bool BytecodeVerificationRemote               = false                                     {product} {command line}
     intx CICompilerCount                          = 4                                         {product} {ergonomic}
     uint ConcGCThreads                            = 2                                         {product} {ergonomic}
     uint G1ConcRefinementThreads                  = 8                                         {product} {ergonomic}
   size_t G1HeapRegionSize                         = 1048576                                   {product} {ergonomic}
    uintx GCDrainStackTargetSize                   = 64                                        {product} {ergonomic}
   size_t InitialHeapSize                          = 268435456                                 {product} {ergonomic}
   size_t MarkStackSize                            = 4194304                                   {product} {ergonomic}
   size_t MaxHeapSize                              = 4286578688                                {product} {ergonomic}
   size_t MinHeapDeltaBytes                        = 1048576                                   {product} {ergonomic}
    uintx NonNMethodCodeHeapSize                   = 7549744                                {pd product} {ergonomic}
    uintx NonProfiledCodeHeapSize                  = 244108496                              {pd product} {ergonomic}
    uintx ProfiledCodeHeapSize                     = 0                                      {pd product} {ergonomic}
    uintx ReservedCodeCacheSize                    = 251658240                              {pd product} {ergonomic}
     bool SegmentedCodeCache                       = true                                      {product} {ergonomic}
     intx TieredStopAtLevel                        = 1                                         {product} {command line}
     bool UseCompressedClassPointers               = true                                 {lp64_product} {ergonomic}
     bool UseCompressedOops                        = true                                 {lp64_product} {ergonomic}
     bool UseG1GC                                  = true                                      {product} {ergonomic}
     bool UseLargePagesIndividualAllocation        = false                                  {pd product} {ergonomic}

Logging:
Log output configuration:
 #0: stdout all=warning uptime,level,tags
 #1: stderr all=off uptime,level,tags

Environment Variables:
JAVA_HOME=C:\Program Files\Java\jdk-11.0.15
PATH=C:\Program Files\Common Files\Oracle\Java\javapath;C:\Windows\system32;C:\Windows;C:\Windows\System32\Wbem;C:\Windows\System32\WindowsPowerShell\v1.0\;C:\Windows\System32\OpenSSH\;C:\Program Files (x86)\NVIDIA Corporation\PhysX\Common;C:\WINDOWS\system32;C:\WINDOWS;C:\WINDOWS\System32\Wbem;C:\WINDOWS\System32\WindowsPowerShell\v1.0\;C:\WINDOWS\System32\OpenSSH\;C:\Program Files\NVIDIA Corporation\NVIDIA NvDLISR;C:\Geth;C:\Program Files\Java\jdk-11.0.15\bin;C:\gradle-6.8\bin;C:\Program Files\Git\cmd;C:\Program Files\nodejs\;C:\Program Files\PostgreSQL\14\bin;C:\Users\esteb\AppData\Local\Microsoft\WindowsApps;C:\Users\esteb\AppData\Local\Programs\Microsoft VS Code\bin;C:\Users\esteb\AppData\Local\GitHubDesktop\bin;C:\Program Files\heroku\bin;C:\Users\esteb\AppData\Roaming\npm
USERNAME=esteb
OS=Windows_NT
PROCESSOR_IDENTIFIER=Intel64 Family 6 Model 158 Stepping 9, GenuineIntel



---------------  S Y S T E M  ---------------

OS: Windows 10 , 64 bit Build 19041 (10.0.19041.1806)

CPU:total 8 (initial active 8) (4 cores per cpu, 2 threads per core) family 6 model 158 stepping 9 microcode 0xb4, cmov, cx8, fxsr, mmx, sse, sse2, sse3, ssse3, sse4.1, sse4.2, popcnt, avx, avx2, aes, clmul, erms, rtm, 3dnowpref, lzcnt, ht, tsc, tscinvbit, bmi1, bmi2, adx, fma

Memory: 4k page, system-wide physical 16347M (1289M free)
TotalPageFile size 65459M (AvailPageFile size 73M)
current process WorkingSet (physical memory assigned to process): 10M, peak: 10M
current process commit charge ("private bytes"): 58M, peak: 314M

vm_info: Java HotSpot(TM) 64-Bit Server VM (11.0.15+8-LTS-149) for windows-amd64 JRE (11.0.15+8-LTS-149), built on Mar  9 2022 22:42:32 by "mach5one" with MS VC++ 15.9 (VS2017)

END.
